app/build/intermediates/manifest_merge_blame_file/release/processReleaseMainManifest/manifest-merger-blame-release-report.txt
1<?xml version="1.0" encoding="utf-8"?>
2<manifest xmlns:android="http://schemas.android.com/apk/res/android"
3    package="com.onlineradiofm.trancemusicradio"
4    android:versionCode="181"
5    android:versionName="8.11" >
6
7    <uses-sdk
8        android:minSdkVersion="24"
9        android:targetSdkVersion="35" />
10
11    <uses-permission android:name="android.permission.INTERNET" />
11-->src/main/AndroidManifest.xml:5:5-66
11-->src/main/AndroidManifest.xml:5:22-64
12    <uses-permission android:name="android.permission.ACCESS_NETWORK_STATE" />
12-->src/main/AndroidManifest.xml:6:5-78
12-->src/main/AndroidManifest.xml:6:22-76
13    <uses-permission android:name="android.permission.FOREGROUND_SERVICE" />
13-->src/main/AndroidManifest.xml:7:5-76
13-->src/main/AndroidManifest.xml:7:22-74
14    <uses-permission android:name="android.permission.FOREGROUND_SERVICE_MEDIA_PLAYBACK" />
14-->src/main/AndroidManifest.xml:8:5-91
14-->src/main/AndroidManifest.xml:8:22-89
15    <uses-permission android:name="com.android.vending.BILLING" />
15-->src/main/AndroidManifest.xml:9:5-66
15-->src/main/AndroidManifest.xml:9:22-64
16    <uses-permission android:name="com.google.android.gms.permission.AD_ID" />
16-->src/main/AndroidManifest.xml:10:5-78
16-->src/main/AndroidManifest.xml:10:22-76
17    <!-- Devices running Android 12L (API level 32) or lower -->
18    <uses-permission
18-->src/main/AndroidManifest.xml:12:5-14:40
19        android:name="android.permission.WRITE_EXTERNAL_STORAGE"
19-->src/main/AndroidManifest.xml:12:22-78
20        android:maxSdkVersion="32" />
20-->src/main/AndroidManifest.xml:13:9-35
21    <uses-permission
21-->src/main/AndroidManifest.xml:15:5-107
22        android:name="android.permission.READ_EXTERNAL_STORAGE"
22-->src/main/AndroidManifest.xml:15:22-77
23        android:maxSdkVersion="32" />
23-->src/main/AndroidManifest.xml:15:78-104
24    <!-- Devices running Android 13 (API level 33) or higher -->
25    <uses-permission android:name="android.permission.POST_NOTIFICATIONS" />
25-->src/main/AndroidManifest.xml:17:5-76
25-->src/main/AndroidManifest.xml:17:22-74
26    <uses-permission android:name="android.permission.READ_MEDIA_AUDIO" />
26-->src/main/AndroidManifest.xml:18:5-75
26-->src/main/AndroidManifest.xml:18:22-72
27    <!--
28    To handle the reselection within the app on devices running Android 14
29    or higher if your app targets Android 14 (API level 34) or higher.
30    <uses-permission android:name="android.permission.READ_MEDIA_VISUAL_USER_SELECTED" />
31    -->
32
33    <uses-feature
33-->src/main/AndroidManifest.xml:23:5-25:36
34        android:glEsVersion="0x00020000"
34-->src/main/AndroidManifest.xml:24:9-41
35        android:required="false" />
35-->src/main/AndroidManifest.xml:25:9-33
36
37    <permission
37-->src/main/AndroidManifest.xml:27:9-28:44
38        android:name="com.onlineradiofm.trancemusicradio.permission.BIND_AUDIO_SERVICE"
38-->src/main/AndroidManifest.xml:27:21-100
39        android:protectionLevel="normal" />
39-->src/main/AndroidManifest.xml:28:9-41
40
41    <!-- Is required to launch foreground extraction service for targetSdkVersion 34+. -->
42    <uses-permission android:name="android.permission.FOREGROUND_SERVICE_DATA_SYNC" />
42-->[com.google.android.play:asset-delivery:2.3.0] AndroidManifest.xml:16:5-87
42-->[com.google.android.play:asset-delivery:2.3.0] AndroidManifest.xml:16:22-84
43    <uses-permission android:name="android.permission.ACCESS_ADSERVICES_AD_ID" />
43-->[com.google.android.gms:play-services-ads-api:24.2.0] AndroidManifest.xml:27:5-82
43-->[com.google.android.gms:play-services-ads-api:24.2.0] AndroidManifest.xml:27:22-79
44    <uses-permission android:name="android.permission.ACCESS_ADSERVICES_ATTRIBUTION" />
44-->[com.google.android.gms:play-services-ads-api:24.2.0] AndroidManifest.xml:28:5-88
44-->[com.google.android.gms:play-services-ads-api:24.2.0] AndroidManifest.xml:28:22-85
45    <uses-permission android:name="android.permission.ACCESS_ADSERVICES_TOPICS" /> <!-- Android package visibility setting -->
45-->[com.google.android.gms:play-services-ads-api:24.2.0] AndroidManifest.xml:29:5-83
45-->[com.google.android.gms:play-services-ads-api:24.2.0] AndroidManifest.xml:29:22-80
46    <queries>
46-->[com.google.android.gms:play-services-ads-api:24.2.0] AndroidManifest.xml:35:5-68:15
47
48        <!-- For browser content -->
49        <intent>
49-->[com.google.android.gms:play-services-ads-api:24.2.0] AndroidManifest.xml:38:9-44:18
50            <action android:name="android.intent.action.VIEW" />
50-->[com.google.android.gms:play-services-ads-api:24.2.0] AndroidManifest.xml:39:13-65
50-->[com.google.android.gms:play-services-ads-api:24.2.0] AndroidManifest.xml:39:21-62
51
52            <category android:name="android.intent.category.BROWSABLE" />
52-->[com.google.android.gms:play-services-ads-api:24.2.0] AndroidManifest.xml:41:13-74
52-->[com.google.android.gms:play-services-ads-api:24.2.0] AndroidManifest.xml:41:23-71
53
54            <data android:scheme="https" />
54-->[com.google.android.gms:play-services-ads-api:24.2.0] AndroidManifest.xml:43:13-44
54-->[com.google.android.gms:play-services-ads-api:24.2.0] AndroidManifest.xml:43:19-41
55        </intent>
56        <!-- End of browser content -->
57        <!-- For CustomTabsService -->
58        <intent>
58-->[com.google.android.gms:play-services-ads-api:24.2.0] AndroidManifest.xml:47:9-49:18
59            <action android:name="android.support.customtabs.action.CustomTabsService" />
59-->[com.google.android.gms:play-services-ads-api:24.2.0] AndroidManifest.xml:48:13-90
59-->[com.google.android.gms:play-services-ads-api:24.2.0] AndroidManifest.xml:48:21-87
60        </intent>
61        <!-- End of CustomTabsService -->
62        <!-- For MRAID capabilities -->
63        <intent>
63-->[com.google.android.gms:play-services-ads-api:24.2.0] AndroidManifest.xml:52:9-56:18
64            <action android:name="android.intent.action.INSERT" />
64-->[com.google.android.gms:play-services-ads-api:24.2.0] AndroidManifest.xml:53:13-67
64-->[com.google.android.gms:play-services-ads-api:24.2.0] AndroidManifest.xml:53:21-64
65
66            <data android:mimeType="vnd.android.cursor.dir/event" />
66-->[com.google.android.gms:play-services-ads-api:24.2.0] AndroidManifest.xml:43:13-44
67        </intent>
68        <intent>
68-->[com.google.android.gms:play-services-ads-api:24.2.0] AndroidManifest.xml:57:9-61:18
69            <action android:name="android.intent.action.VIEW" />
69-->[com.google.android.gms:play-services-ads-api:24.2.0] AndroidManifest.xml:39:13-65
69-->[com.google.android.gms:play-services-ads-api:24.2.0] AndroidManifest.xml:39:21-62
70
71            <data android:scheme="sms" />
71-->[com.google.android.gms:play-services-ads-api:24.2.0] AndroidManifest.xml:43:13-44
71-->[com.google.android.gms:play-services-ads-api:24.2.0] AndroidManifest.xml:43:19-41
72        </intent>
73        <intent>
73-->[com.google.android.gms:play-services-ads-api:24.2.0] AndroidManifest.xml:62:9-66:18
74            <action android:name="android.intent.action.DIAL" />
74-->[com.google.android.gms:play-services-ads-api:24.2.0] AndroidManifest.xml:63:13-65
74-->[com.google.android.gms:play-services-ads-api:24.2.0] AndroidManifest.xml:63:21-62
75
76            <data android:path="tel:" />
76-->[com.google.android.gms:play-services-ads-api:24.2.0] AndroidManifest.xml:43:13-44
77        </intent>
78        <!-- End of MRAID capabilities -->
79        <package android:name="com.google.android.gms.policy_cast_dynamite" />
79-->[com.google.android.gms:play-services-cast-framework:21.2.0] AndroidManifest.xml:13:9-79
79-->[com.google.android.gms:play-services-cast-framework:21.2.0] AndroidManifest.xml:13:18-76
80
81        <intent>
81-->[com.android.billingclient:billing:7.1.1] AndroidManifest.xml:13:9-15:18
82            <action android:name="com.android.vending.billing.InAppBillingService.BIND" />
82-->[com.android.billingclient:billing:7.1.1] AndroidManifest.xml:14:13-91
82-->[com.android.billingclient:billing:7.1.1] AndroidManifest.xml:14:21-88
83        </intent>
84        <intent>
84-->[com.android.billingclient:billing:7.1.1] AndroidManifest.xml:16:9-18:18
85            <action android:name="com.google.android.apps.play.billingtestcompanion.BillingOverrideService.BIND" />
85-->[com.android.billingclient:billing:7.1.1] AndroidManifest.xml:17:13-116
85-->[com.android.billingclient:billing:7.1.1] AndroidManifest.xml:17:21-113
86        </intent>
87    </queries>
88
89    <uses-permission android:name="android.permission.WAKE_LOCK" /> <!-- Required by older versions of Google Play services to create GCM registration tokens -->
89-->[androidx.work:work-runtime:2.9.1] AndroidManifest.xml:23:5-68
89-->[androidx.work:work-runtime:2.9.1] AndroidManifest.xml:23:22-65
90    <uses-permission android:name="com.google.android.c2dm.permission.RECEIVE" />
90-->[com.google.android.gms:play-services-gcm:17.0.0] AndroidManifest.xml:23:5-82
90-->[com.google.android.gms:play-services-gcm:17.0.0] AndroidManifest.xml:23:22-79
91    <uses-permission android:name="com.google.android.finsky.permission.BIND_GET_INSTALL_REFERRER_SERVICE" />
91-->[com.google.android.gms:play-services-measurement:21.1.0] AndroidManifest.xml:26:5-110
91-->[com.google.android.gms:play-services-measurement:21.1.0] AndroidManifest.xml:26:22-107
92
93    <permission
93-->[androidx.core:core:1.15.0] AndroidManifest.xml:22:5-24:47
94        android:name="com.onlineradiofm.trancemusicradio.DYNAMIC_RECEIVER_NOT_EXPORTED_PERMISSION"
94-->[androidx.core:core:1.15.0] AndroidManifest.xml:23:9-81
95        android:protectionLevel="signature" />
95-->[androidx.core:core:1.15.0] AndroidManifest.xml:24:9-44
96
97    <uses-permission android:name="com.onlineradiofm.trancemusicradio.DYNAMIC_RECEIVER_NOT_EXPORTED_PERMISSION" />
97-->[androidx.core:core:1.15.0] AndroidManifest.xml:26:5-97
97-->[androidx.core:core:1.15.0] AndroidManifest.xml:26:22-94
98
99    <application
99-->src/main/AndroidManifest.xml:30:5-195:19
100        android:name="com.onlineradiofm.trancemusicradio.RadioApplication"
100-->src/main/AndroidManifest.xml:31:9-75
101        android:allowBackup="true"
101-->src/main/AndroidManifest.xml:32:9-35
102        android:appComponentFactory="androidx.core.app.CoreComponentFactory"
102-->[androidx.core:core:1.15.0] AndroidManifest.xml:28:18-86
103        android:extractNativeLibs="false"
104        android:hardwareAccelerated="true"
104-->src/main/AndroidManifest.xml:33:9-43
105        android:icon="@mipmap/ic_launcher"
105-->src/main/AndroidManifest.xml:34:9-43
106        android:label="@string/app_name"
106-->src/main/AndroidManifest.xml:35:9-41
107        android:largeHeap="true"
107-->src/main/AndroidManifest.xml:42:9-33
108        android:roundIcon="@mipmap/ic_launcher_round"
108-->src/main/AndroidManifest.xml:36:9-54
109        android:supportsRtl="true"
109-->src/main/AndroidManifest.xml:37:9-35
110        android:theme="@style/AppThemeLightFull"
110-->src/main/AndroidManifest.xml:38:9-49
111        android:usesCleartextTraffic="true" >
111-->src/main/AndroidManifest.xml:39:9-44
112        <activity
112-->src/main/AndroidManifest.xml:44:9-54:20
113            android:name="com.onlineradiofm.trancemusicradio.SplashActivity"
113-->src/main/AndroidManifest.xml:45:13-77
114            android:configChanges="touchscreen|keyboard|keyboardHidden|navigation|orientation|screenLayout|uiMode|screenSize|smallestScreenSize"
114-->src/main/AndroidManifest.xml:46:13-145
115            android:exported="true"
115-->src/main/AndroidManifest.xml:47:13-36
116            android:label="@string/app_name"
116-->src/main/AndroidManifest.xml:48:13-45
117            android:screenOrientation="fullUser" >
117-->src/main/AndroidManifest.xml:49:13-49
118            <intent-filter>
118-->src/main/AndroidManifest.xml:50:13-53:29
119                <action android:name="android.intent.action.MAIN" />
119-->src/main/AndroidManifest.xml:51:17-69
119-->src/main/AndroidManifest.xml:51:25-66
120
121                <category android:name="android.intent.category.LAUNCHER" />
121-->src/main/AndroidManifest.xml:52:17-77
121-->src/main/AndroidManifest.xml:52:27-74
122            </intent-filter>
123        </activity>
124        <activity
124-->src/main/AndroidManifest.xml:56:9-62:57
125            android:name="com.onlineradiofm.trancemusicradio.MainActivity"
125-->src/main/AndroidManifest.xml:57:13-75
126            android:configChanges="touchscreen|keyboard|keyboardHidden|navigation|screenLayout|uiMode|screenSize|smallestScreenSize"
126-->src/main/AndroidManifest.xml:58:13-133
127            android:label="@string/app_name"
127-->src/main/AndroidManifest.xml:59:13-45
128            android:launchMode="singleTop"
128-->src/main/AndroidManifest.xml:60:13-43
129            android:screenOrientation="fullUser"
129-->src/main/AndroidManifest.xml:61:13-49
130            android:windowSoftInputMode="adjustResize" />
130-->src/main/AndroidManifest.xml:62:13-55
131        <activity
131-->src/main/AndroidManifest.xml:64:9-68:51
132            android:name="com.onlineradiofm.trancemusicradio.ShowUrlActivity"
132-->src/main/AndroidManifest.xml:65:13-78
133            android:configChanges="touchscreen|keyboard|keyboardHidden|navigation|orientation|screenLayout|uiMode|screenSize|smallestScreenSize"
133-->src/main/AndroidManifest.xml:66:13-145
134            android:label="@string/app_name"
134-->src/main/AndroidManifest.xml:67:13-45
135            android:screenOrientation="fullUser" />
135-->src/main/AndroidManifest.xml:68:13-49
136        <activity
136-->src/main/AndroidManifest.xml:69:9-73:51
137            android:name="com.onlineradiofm.trancemusicradio.GrantPermissionActivity"
137-->src/main/AndroidManifest.xml:70:13-86
138            android:configChanges="touchscreen|keyboard|keyboardHidden|navigation|orientation|screenLayout|uiMode|screenSize|smallestScreenSize"
138-->src/main/AndroidManifest.xml:71:13-145
139            android:label="@string/app_name"
139-->src/main/AndroidManifest.xml:72:13-45
140            android:screenOrientation="fullUser" />
140-->src/main/AndroidManifest.xml:73:13-49
141        <activity
141-->src/main/AndroidManifest.xml:75:9-79:51
142            android:name="com.onlineradiofm.trancemusicradio.UpgradePremiumActivity"
142-->src/main/AndroidManifest.xml:76:13-85
143            android:configChanges="touchscreen|keyboard|keyboardHidden|navigation|orientation|screenLayout|uiMode|screenSize|smallestScreenSize"
143-->src/main/AndroidManifest.xml:77:13-145
144            android:label="@string/app_name"
144-->src/main/AndroidManifest.xml:78:13-45
145            android:screenOrientation="fullUser" />
145-->src/main/AndroidManifest.xml:79:13-49
146        <activity
146-->src/main/AndroidManifest.xml:80:9-84:51
147            android:name="com.onlineradiofm.trancemusicradio.SignInActivity"
147-->src/main/AndroidManifest.xml:81:13-77
148            android:configChanges="touchscreen|keyboard|keyboardHidden|navigation|orientation|screenLayout|uiMode|screenSize|smallestScreenSize"
148-->src/main/AndroidManifest.xml:82:13-145
149            android:label="@string/app_name"
149-->src/main/AndroidManifest.xml:83:13-45
150            android:screenOrientation="fullUser" />
150-->src/main/AndroidManifest.xml:84:13-49
151        <activity
151-->src/main/AndroidManifest.xml:86:9-90:51
152            android:name="com.onlineradiofm.trancemusicradio.equalizer.EqualizerActivity"
152-->src/main/AndroidManifest.xml:87:13-90
153            android:configChanges="touchscreen|keyboard|keyboardHidden|navigation|orientation|screenLayout|uiMode|screenSize|smallestScreenSize"
153-->src/main/AndroidManifest.xml:88:13-145
154            android:label="@string/app_name"
154-->src/main/AndroidManifest.xml:89:13-45
155            android:screenOrientation="fullUser" />
155-->src/main/AndroidManifest.xml:90:13-49
156
157        <service
157-->src/main/AndroidManifest.xml:92:9-102:19
158            android:name="com.onlineradiofm.trancemusicradio.stream.service.XRadioAudioService"
158-->src/main/AndroidManifest.xml:93:13-96
159            android:exported="true"
159-->src/main/AndroidManifest.xml:94:13-36
160            android:foregroundServiceType="mediaPlayback"
160-->src/main/AndroidManifest.xml:96:13-58
161            android:permission="com.onlineradiofm.trancemusicradio.permission.BIND_AUDIO_SERVICE" >
161-->src/main/AndroidManifest.xml:95:13-98
162            <intent-filter>
162-->src/main/AndroidManifest.xml:97:13-101:29
163                <action android:name="android.intent.action.MEDIA_BUTTON" />
163-->src/main/AndroidManifest.xml:98:17-77
163-->src/main/AndroidManifest.xml:98:25-74
164                <action android:name="android.media.AUDIO_BECOMING_NOISY" />
164-->src/main/AndroidManifest.xml:99:17-77
164-->src/main/AndroidManifest.xml:99:25-74
165                <action android:name="android.media.browse.MediaBrowserService" />
165-->src/main/AndroidManifest.xml:100:17-83
165-->src/main/AndroidManifest.xml:100:25-80
166            </intent-filter>
167        </service>
168
169        <receiver
169-->src/main/AndroidManifest.xml:104:9-111:20
170            android:name="androidx.media.session.MediaButtonReceiver"
170-->src/main/AndroidManifest.xml:105:13-70
171            android:exported="false" >
171-->src/main/AndroidManifest.xml:106:13-37
172            <intent-filter>
172-->src/main/AndroidManifest.xml:107:13-110:29
173                <action android:name="android.intent.action.MEDIA_BUTTON" />
173-->src/main/AndroidManifest.xml:98:17-77
173-->src/main/AndroidManifest.xml:98:25-74
174                <action android:name="android.media.AUDIO_BECOMING_NOISY" />
174-->src/main/AndroidManifest.xml:99:17-77
174-->src/main/AndroidManifest.xml:99:25-74
175            </intent-filter>
176        </receiver>
177
178        <!-- Firebase Notification -->
179
180        <meta-data
181            android:name="com.google.firebase.messaging.default_notification_channel_id"
181-->src/main/AndroidManifest.xml:117:13-89
182            android:value="com.onlineradiofm.trancemusicradio.N3" />
182-->src/main/AndroidManifest.xml:118:13-48
183
184        <service
184-->src/main/AndroidManifest.xml:120:9-127:19
185            android:name="com.onlineradiofm.trancemusicradio.firebasemsg.FBMessagingService"
185-->src/main/AndroidManifest.xml:121:13-93
186            android:exported="true" >
186-->src/main/AndroidManifest.xml:122:13-36
187            <intent-filter>
187-->src/main/AndroidManifest.xml:124:13-126:29
188                <action android:name="com.google.firebase.MESSAGING_EVENT" />
188-->src/main/AndroidManifest.xml:125:17-78
188-->src/main/AndroidManifest.xml:125:25-75
189            </intent-filter>
190        </service>
191
192        <!--
193        Set custom default icon. This is used when no icon is set for incoming notification messages.
194        See README(https://goo.gl/l4GJaQ) for more.
195        -->
196        <meta-data
196-->src/main/AndroidManifest.xml:132:9-134:58
197            android:name="com.google.firebase.messaging.default_notification_icon"
197-->src/main/AndroidManifest.xml:133:13-83
198            android:resource="@drawable/ic_radio_noti" />
198-->src/main/AndroidManifest.xml:134:13-55
199
200        <!--
201             Set color used with incoming notification messages. This is used when no color is set for the incoming
202             notification message. See README(https://goo.gl/6BKBk7) for more.
203        -->
204        <meta-data
204-->src/main/AndroidManifest.xml:138:9-140:63
205            android:name="com.google.firebase.messaging.default_notification_color"
205-->src/main/AndroidManifest.xml:139:13-84
206            android:resource="@color/color_noti_background" />
206-->src/main/AndroidManifest.xml:140:13-60
207        <meta-data
207-->src/main/AndroidManifest.xml:142:9-144:36
208            android:name="firebase_messaging_auto_init_enabled"
208-->src/main/AndroidManifest.xml:143:13-64
209            android:value="true" />
209-->src/main/AndroidManifest.xml:144:13-33
210        <meta-data
210-->src/main/AndroidManifest.xml:145:9-147:36
211            android:name="firebase_analytics_collection_enabled"
211-->src/main/AndroidManifest.xml:146:13-65
212            android:value="true" />
212-->src/main/AndroidManifest.xml:147:13-33
213        <meta-data
213-->src/main/AndroidManifest.xml:150:9-152:36
214            android:name="com.google.android.gms.ads.AD_MANAGER_APP"
214-->src/main/AndroidManifest.xml:151:13-69
215            android:value="true" />
215-->src/main/AndroidManifest.xml:152:13-33
216
217        <!-- fix for share files -->
218        <provider
219            android:name="androidx.core.content.FileProvider"
219-->src/main/AndroidManifest.xml:156:13-62
220            android:authorities="com.onlineradiofm.trancemusicradio.provider"
220-->src/main/AndroidManifest.xml:157:13-60
221            android:exported="false"
221-->src/main/AndroidManifest.xml:158:13-37
222            android:grantUriPermissions="true" >
222-->src/main/AndroidManifest.xml:159:13-47
223            <meta-data
223-->src/main/AndroidManifest.xml:161:13-164:52
224                android:name="android.support.FILE_PROVIDER_PATHS"
224-->src/main/AndroidManifest.xml:162:17-67
225                android:resource="@xml/file_paths" />
225-->src/main/AndroidManifest.xml:163:17-51
226        </provider>
227
228        <uses-library
228-->src/main/AndroidManifest.xml:167:9-169:40
229            android:name="org.apache.http.legacy"
229-->src/main/AndroidManifest.xml:168:13-50
230            android:required="false" />
230-->src/main/AndroidManifest.xml:169:13-37
231
232        <meta-data
232-->src/main/AndroidManifest.xml:171:9-173:52
233            android:name="com.google.android.gms.ads.APPLICATION_ID"
233-->src/main/AndroidManifest.xml:172:13-69
234            android:value="@string/admob_app_id" />
234-->src/main/AndroidManifest.xml:173:13-49
235
236        <!-- GOOGLE CAST PROVIDER -->
237        <activity
237-->src/main/AndroidManifest.xml:176:9-190:20
238            android:name="com.onlineradiofm.trancemusicradio.ypylibs.googlecast.YPYCastExpandActivity"
238-->src/main/AndroidManifest.xml:177:13-103
239            android:configChanges="touchscreen|keyboard|keyboardHidden|navigation|orientation|screenLayout|uiMode|screenSize|smallestScreenSize"
239-->src/main/AndroidManifest.xml:178:13-145
240            android:exported="true"
240-->src/main/AndroidManifest.xml:179:13-36
241            android:label="@string/app_name"
241-->src/main/AndroidManifest.xml:180:13-45
242            android:launchMode="singleTask"
242-->src/main/AndroidManifest.xml:181:13-44
243            android:screenOrientation="portrait"
243-->src/main/AndroidManifest.xml:182:13-49
244            android:theme="@style/AppThemeDarkFull" >
244-->src/main/AndroidManifest.xml:183:13-52
245            <intent-filter>
245-->src/main/AndroidManifest.xml:184:13-186:29
246                <action android:name="android.intent.action.MAIN" />
246-->src/main/AndroidManifest.xml:51:17-69
246-->src/main/AndroidManifest.xml:51:25-66
247            </intent-filter>
248
249            <meta-data
249-->src/main/AndroidManifest.xml:187:13-189:85
250                android:name="android.support.PARENT_ACTIVITY"
250-->src/main/AndroidManifest.xml:188:17-63
251                android:value="com.onlineradiofm.trancemusicradio.SplashActivity" />
251-->src/main/AndroidManifest.xml:189:17-82
252        </activity>
253
254        <meta-data
254-->src/main/AndroidManifest.xml:191:9-193:107
255            android:name="com.google.android.gms.cast.framework.OPTIONS_PROVIDER_CLASS_NAME"
255-->src/main/AndroidManifest.xml:192:13-93
256            android:value="com.onlineradiofm.trancemusicradio.ypylibs.googlecast.YPYCastOptionProvider" />
256-->src/main/AndroidManifest.xml:193:13-104
257
258        <!-- The services will be merged into the manifest of the hosting app. -->
259        <service
259-->[com.google.android.play:asset-delivery:2.3.0] AndroidManifest.xml:21:9-28:19
260            android:name="com.google.android.play.core.assetpacks.AssetPackExtractionService"
260-->[com.google.android.play:asset-delivery:2.3.0] AndroidManifest.xml:22:13-94
261            android:enabled="false"
261-->[com.google.android.play:asset-delivery:2.3.0] AndroidManifest.xml:23:13-36
262            android:exported="true" >
262-->[com.google.android.play:asset-delivery:2.3.0] AndroidManifest.xml:24:13-36
263            <meta-data
263-->[com.google.android.play:asset-delivery:2.3.0] AndroidManifest.xml:25:13-27:41
264                android:name="com.google.android.play.core.assetpacks.versionCode"
264-->[com.google.android.play:asset-delivery:2.3.0] AndroidManifest.xml:26:17-83
265                android:value="20300" />
265-->[com.google.android.play:asset-delivery:2.3.0] AndroidManifest.xml:27:17-38
266        </service>
267        <service
267-->[com.google.android.play:asset-delivery:2.3.0] AndroidManifest.xml:29:9-33:56
268            android:name="com.google.android.play.core.assetpacks.ExtractionForegroundService"
268-->[com.google.android.play:asset-delivery:2.3.0] AndroidManifest.xml:30:13-95
269            android:enabled="false"
269-->[com.google.android.play:asset-delivery:2.3.0] AndroidManifest.xml:31:13-36
270            android:exported="false"
270-->[com.google.android.play:asset-delivery:2.3.0] AndroidManifest.xml:32:13-37
271            android:foregroundServiceType="dataSync" />
271-->[com.google.android.play:asset-delivery:2.3.0] AndroidManifest.xml:33:13-53
272
273        <receiver
273-->[com.google.android.play:asset-delivery:2.3.0] AndroidManifest.xml:35:9-43:20
274            android:name="com.google.android.play.core.assetpacks.SessionStateBroadcastReceiver"
274-->[com.google.android.play:asset-delivery:2.3.0] AndroidManifest.xml:36:13-97
275            android:enabled="true"
275-->[com.google.android.play:asset-delivery:2.3.0] AndroidManifest.xml:37:13-35
276            android:exported="true"
276-->[com.google.android.play:asset-delivery:2.3.0] AndroidManifest.xml:38:13-36
277            android:permission="android.permission.INSTALL_PACKAGES" >
277-->[com.google.android.play:asset-delivery:2.3.0] AndroidManifest.xml:39:13-69
278            <intent-filter>
278-->[com.google.android.play:asset-delivery:2.3.0] AndroidManifest.xml:40:13-42:29
279                <action android:name="com.google.android.play.core.assetpacks.receiver.ACTION_SESSION_UPDATE" />
279-->[com.google.android.play:asset-delivery:2.3.0] AndroidManifest.xml:41:17-113
279-->[com.google.android.play:asset-delivery:2.3.0] AndroidManifest.xml:41:25-110
280            </intent-filter>
281        </receiver> <!-- Include the AdActivity and InAppPurchaseActivity configChanges and themes. -->
282        <activity
282-->[com.google.android.gms:play-services-ads-api:24.2.0] AndroidManifest.xml:73:9-78:43
283            android:name="com.google.android.gms.ads.AdActivity"
283-->[com.google.android.gms:play-services-ads-api:24.2.0] AndroidManifest.xml:74:13-65
284            android:configChanges="keyboard|keyboardHidden|orientation|screenLayout|uiMode|screenSize|smallestScreenSize"
284-->[com.google.android.gms:play-services-ads-api:24.2.0] AndroidManifest.xml:75:13-122
285            android:exported="false"
285-->[com.google.android.gms:play-services-ads-api:24.2.0] AndroidManifest.xml:76:13-37
286            android:theme="@android:style/Theme.Translucent" />
286-->[com.google.android.gms:play-services-ads-api:24.2.0] AndroidManifest.xml:77:13-61
287
288        <provider
288-->[com.google.android.gms:play-services-ads-api:24.2.0] AndroidManifest.xml:80:9-85:43
289            android:name="com.google.android.gms.ads.MobileAdsInitProvider"
289-->[com.google.android.gms:play-services-ads-api:24.2.0] AndroidManifest.xml:81:13-76
290            android:authorities="com.onlineradiofm.trancemusicradio.mobileadsinitprovider"
290-->[com.google.android.gms:play-services-ads-api:24.2.0] AndroidManifest.xml:82:13-73
291            android:exported="false"
291-->[com.google.android.gms:play-services-ads-api:24.2.0] AndroidManifest.xml:83:13-37
292            android:initOrder="100" />
292-->[com.google.android.gms:play-services-ads-api:24.2.0] AndroidManifest.xml:84:13-36
293
294        <service
294-->[com.google.android.gms:play-services-ads-api:24.2.0] AndroidManifest.xml:87:9-91:43
295            android:name="com.google.android.gms.ads.AdService"
295-->[com.google.android.gms:play-services-ads-api:24.2.0] AndroidManifest.xml:88:13-64
296            android:enabled="true"
296-->[com.google.android.gms:play-services-ads-api:24.2.0] AndroidManifest.xml:89:13-35
297            android:exported="false" />
297-->[com.google.android.gms:play-services-ads-api:24.2.0] AndroidManifest.xml:90:13-37
298
299        <activity
299-->[com.google.android.gms:play-services-ads-api:24.2.0] AndroidManifest.xml:93:9-97:43
300            android:name="com.google.android.gms.ads.OutOfContextTestingActivity"
300-->[com.google.android.gms:play-services-ads-api:24.2.0] AndroidManifest.xml:94:13-82
301            android:configChanges="keyboard|keyboardHidden|orientation|screenLayout|uiMode|screenSize|smallestScreenSize"
301-->[com.google.android.gms:play-services-ads-api:24.2.0] AndroidManifest.xml:95:13-122
302            android:exported="false" />
302-->[com.google.android.gms:play-services-ads-api:24.2.0] AndroidManifest.xml:96:13-37
303        <activity
303-->[com.google.android.gms:play-services-ads-api:24.2.0] AndroidManifest.xml:98:9-105:43
304            android:name="com.google.android.gms.ads.NotificationHandlerActivity"
304-->[com.google.android.gms:play-services-ads-api:24.2.0] AndroidManifest.xml:99:13-82
305            android:excludeFromRecents="true"
305-->[com.google.android.gms:play-services-ads-api:24.2.0] AndroidManifest.xml:100:13-46
306            android:exported="false"